Arguments: 
  D:\Programs\Nodejs\node.exe C:\Users\MJ\AppData\Roaming\npm\node_modules\yarn\bin\yarn.js start

PATH: 
  C:\ProgramData\Oracle\Java\javapath;C:\WINDOWS\system32;C:\WINDOWS;C:\WINDOWS\System32\Wbem;C:\WINDOWS\System32\WindowsPowerShell\v1.0\;D:\Programs\Anaconda3;D:\Programs\Anaconda3\Scripts;D:\Programs\Anaconda3\Library\bin;C:\Users\MJ\AppData\Local\atom\bin;D:\Programs\Nodejs\;D:\Programs\Git\cmd;D:\Programs\MongoDB\Server\3.6\bin;C:\Users\MJ\AppData\Local\Microsoft\WindowsApps;C:\Users\MJ\AppData\Local\atom\bin;C:\Users\MJ\AppData\Roaming\npm;C:\Program Files\Bandizip\

Yarn version: 
  1.5.0

Node version: 
  8.9.3

Platform: 
  win32 x64

npm manifest: 
  No manifest

yarn manifest: 
  No manifest

Lockfile: 
  No lockfile

Trace: 
  Error: Couldn't find a package.json file in "D:\\Programs\\JetBrains\\IdeaProjects\\StudyReact\\standup"
      at new MessageError (C:\Users\MJ\AppData\Roaming\npm\node_modules\yarn\lib\cli.js:186:110)
      at C:\Users\MJ\AppData\Roaming\npm\node_modules\yarn\lib\cli.js:40048:15
      at Generator.next (<anonymous>)
      at step (C:\Users\MJ\AppData\Roaming\npm\node_modules\yarn\lib\cli.js:98:30)
      at C:\Users\MJ\AppData\Roaming\npm\node_modules\yarn\lib\cli.js:109:13
      at <anonymous>
